2015-02-03 11:52:02.125 GMT Thread[AWT-EventQueue-0,6,main] Cleanup action starting
java.sql.SQLException: Database 'bokdatabase' not found.
	at org.apache.derby.impl.jdbc.SQLExceptionFactory40.getSQLException(Unknown Source)
	at org.apache.derby.impl.jdbc.Util.newEmbedSQLException(Unknown Source)
	at org.apache.derby.impl.jdbc.Util.newEmbedSQLException(Unknown Source)
	at org.apache.derby.impl.jdbc.Util.generateCsSQLException(Unknown Source)
	at org.apache.derby.impl.jdbc.EmbedConnection.newSQLException(Unknown Source)
	at org.apache.derby.impl.jdbc.EmbedConnection.<init>(Unknown Source)
	at org.apache.derby.impl.jdbc.EmbedConnection30.<init>(Unknown Source)
	at org.apache.derby.impl.jdbc.EmbedConnection40.<init>(Unknown Source)
	at org.apache.derby.jdbc.Driver40.getNewEmbedConnection(Unknown Source)
	at org.apache.derby.jdbc.InternalDriver.connect(Unknown Source)
	at org.apache.derby.jdbc.AutoloadedDriver.connect(Unknown Source)
	at java.sql.DriverManager.getConnection(DriverManager.java:664)
	at java.sql.DriverManager.getConnection(DriverManager.java:247)
	at heggland.reuse.ConnectDialog.close(ConnectDialog.java:256)
	at heggland.reuse.JonDialog$Listener.actionPerformed(JonDialog.java:98)
	at javax.swing.AbstractButton.fireActionPerformed(AbstractButton.java:2022)
	at javax.swing.AbstractButton$Handler.actionPerformed(AbstractButton.java:2346)
	at javax.swing.DefaultButtonModel.fireActionPerformed(DefaultButtonModel.java:402)
	at javax.swing.DefaultButtonModel.setPressed(DefaultButtonModel.java:259)
	at javax.swing.plaf.basic.BasicButtonListener.mouseReleased(BasicButtonListener.java:252)
	at java.awt.Component.processMouseEvent(Component.java:6525)
	at javax.swing.JComponent.processMouseEvent(JComponent.java:3321)
	at java.awt.Component.processEvent(Component.java:6290)
	at java.awt.Container.processEvent(Container.java:2234)
	at java.awt.Component.dispatchEventImpl(Component.java:4881)
	at java.awt.Container.dispatchEventImpl(Container.java:2292)
	at java.awt.Component.dispatchEvent(Component.java:4703)
	at java.awt.LightweightDispatcher.retargetMouseEvent(Container.java:4898)
	at java.awt.LightweightDispatcher.processMouseEvent(Container.java:4533)
	at java.awt.LightweightDispatcher.dispatchEvent(Container.java:4462)
	at java.awt.Container.dispatchEventImpl(Container.java:2278)
	at java.awt.Window.dispatchEventImpl(Window.java:2739)
	at java.awt.Component.dispatchEvent(Component.java:4703)
	at java.awt.EventQueue.dispatchEventImpl(EventQueue.java:746)
	at java.awt.EventQueue.access$400(EventQueue.java:97)
	at java.awt.EventQueue$3.run(EventQueue.java:697)
	at java.awt.EventQueue$3.run(EventQueue.java:691)
	at java.security.AccessController.doPrivileged(Native Method)
	at java.security.ProtectionDomain$1.doIntersectionPrivilege(ProtectionDomain.java:75)
	at java.security.ProtectionDomain$1.doIntersectionPrivilege(ProtectionDomain.java:86)
	at java.awt.EventQueue$4.run(EventQueue.java:719)
	at java.awt.EventQueue$4.run(EventQueue.java:717)
	at java.security.AccessController.doPrivileged(Native Method)
	at java.security.ProtectionDomain$1.doIntersectionPrivilege(ProtectionDomain.java:75)
	at java.awt.EventQueue.dispatchEvent(EventQueue.java:716)
	at java.awt.EventDispatchThread.pumpOneEventForFilters(EventDispatchThread.java:201)
	at java.awt.EventDispatchThread.pumpEventsForFilter(EventDispatchThread.java:116)
	at java.awt.EventDispatchThread.pumpEventsForFilter(EventDispatchThread.java:109)
	at java.awt.WaitDispatchSupport$2.run(WaitDispatchSupport.java:184)
	at java.awt.WaitDispatchSupport$4.run(WaitDispatchSupport.java:229)
	at java.awt.WaitDispatchSupport$4.run(WaitDispatchSupport.java:227)
	at java.security.AccessController.doPrivileged(Native Method)
	at java.awt.WaitDispatchSupport.enter(WaitDispatchSupport.java:227)
	at java.awt.Dialog.show(Dialog.java:1084)
	at java.awt.Component.show(Component.java:1654)
	at java.awt.Component.setVisible(Component.java:1606)
	at java.awt.Window.setVisible(Window.java:1014)
	at java.awt.Dialog.setVisible(Dialog.java:1005)
	at heggland.reuse.JonDialog.ask(JonDialog.java:74)
	at heggland.reuse.ConnectDialog.createConnection(ConnectDialog.java:225)
	at heggland.relalg.DatabaseManager.connect(DatabaseManager.java:91)
	at heggland.relalg.DatabaseManager.access$200(DatabaseManager.java:37)
	at heggland.relalg.DatabaseManager$1.actionPerformed(DatabaseManager.java:151)
	at javax.swing.AbstractButton.fireActionPerformed(AbstractButton.java:2022)
	at javax.swing.AbstractButton$Handler.actionPerformed(AbstractButton.java:2346)
	at javax.swing.DefaultButtonModel.fireActionPerformed(DefaultButtonModel.java:402)
	at javax.swing.DefaultButtonModel.setPressed(DefaultButtonModel.java:259)
	at javax.swing.AbstractButton.doClick(AbstractButton.java:376)
	at javax.swing.plaf.basic.BasicMenuItemUI.doClick(BasicMenuItemUI.java:833)
	at com.apple.laf.AquaMenuItemUI.doClick(AquaMenuItemUI.java:157)
	at javax.swing.plaf.basic.BasicMenuItemUI$Handler.mouseReleased(BasicMenuItemUI.java:877)
	at java.awt.Component.processMouseEvent(Component.java:6525)
	at javax.swing.JComponent.processMouseEvent(JComponent.java:3321)
	at java.awt.Component.processEvent(Component.java:6290)
	at java.awt.Container.processEvent(Container.java:2234)
	at java.awt.Component.dispatchEventImpl(Component.java:4881)
	at java.awt.Container.dispatchEventImpl(Container.java:2292)
	at java.awt.Component.dispatchEvent(Component.java:4703)
	at java.awt.LightweightDispatcher.retargetMouseEvent(Container.java:4898)
	at java.awt.LightweightDispatcher.processMouseEvent(Container.java:4533)
	at java.awt.LightweightDispatcher.dispatchEvent(Container.java:4462)
	at java.awt.Container.dispatchEventImpl(Container.java:2278)
	at java.awt.Window.dispatchEventImpl(Window.java:2739)
	at java.awt.Component.dispatchEvent(Component.java:4703)
	at java.awt.EventQueue.dispatchEventImpl(EventQueue.java:746)
	at java.awt.EventQueue.access$400(EventQueue.java:97)
	at java.awt.EventQueue$3.run(EventQueue.java:697)
	at java.awt.EventQueue$3.run(EventQueue.java:691)
	at java.security.AccessController.doPrivileged(Native Method)
	at java.security.ProtectionDomain$1.doIntersectionPrivilege(ProtectionDomain.java:75)
	at java.security.ProtectionDomain$1.doIntersectionPrivilege(ProtectionDomain.java:86)
	at java.awt.EventQueue$4.run(EventQueue.java:719)
	at java.awt.EventQueue$4.run(EventQueue.java:717)
	at java.security.AccessController.doPrivileged(Native Method)
	at java.security.ProtectionDomain$1.doIntersectionPrivilege(ProtectionDomain.java:75)
	at java.awt.EventQueue.dispatchEvent(EventQueue.java:716)
	at java.awt.EventDispatchThread.pumpOneEventForFilters(EventDispatchThread.java:201)
	at java.awt.EventDispatchThread.pumpEventsForFilter(EventDispatchThread.java:116)
	at java.awt.EventDispatchThread.pumpEventsForHierarchy(EventDispatchThread.java:105)
	at java.awt.EventDispatchThread.pumpEvents(EventDispatchThread.java:101)
	at java.awt.EventDispatchThread.pumpEvents(EventDispatchThread.java:93)
	at java.awt.EventDispatchThread.run(EventDispatchThread.java:82)
Caused by: java.sql.SQLException: Database 'bokdatabase' not found.
	at org.apache.derby.impl.jdbc.SQLExceptionFactory.getSQLException(Unknown Source)
	at org.apache.derby.impl.jdbc.SQLExceptionFactory40.wrapArgsForTransportAcrossDRDA(Unknown Source)
	... 102 more
============= begin nested exception, level (1) ===========
java.sql.SQLException: Database 'bokdatabase' not found.
	at org.apache.derby.impl.jdbc.SQLExceptionFactory.getSQLException(Unknown Source)
	at org.apache.derby.impl.jdbc.SQLExceptionFactory40.wrapArgsForTransportAcrossDRDA(Unknown Source)
	at org.apache.derby.impl.jdbc.SQLExceptionFactory40.getSQLException(Unknown Source)
	at org.apache.derby.impl.jdbc.Util.newEmbedSQLException(Unknown Source)
	at org.apache.derby.impl.jdbc.Util.newEmbedSQLException(Unknown Source)
	at org.apache.derby.impl.jdbc.Util.generateCsSQLException(Unknown Source)
	at org.apache.derby.impl.jdbc.EmbedConnection.newSQLException(Unknown Source)
	at org.apache.derby.impl.jdbc.EmbedConnection.<init>(Unknown Source)
	at org.apache.derby.impl.jdbc.EmbedConnection30.<init>(Unknown Source)
	at org.apache.derby.impl.jdbc.EmbedConnection40.<init>(Unknown Source)
	at org.apache.derby.jdbc.Driver40.getNewEmbedConnection(Unknown Source)
	at org.apache.derby.jdbc.InternalDriver.connect(Unknown Source)
	at org.apache.derby.jdbc.AutoloadedDriver.connect(Unknown Source)
	at java.sql.DriverManager.getConnection(DriverManager.java:664)
	at java.sql.DriverManager.getConnection(DriverManager.java:247)
	at heggland.reuse.ConnectDialog.close(ConnectDialog.java:256)
	at heggland.reuse.JonDialog$Listener.actionPerformed(JonDialog.java:98)
	at javax.swing.AbstractButton.fireActionPerformed(AbstractButton.java:2022)
	at javax.swing.AbstractButton$Handler.actionPerformed(AbstractButton.java:2346)
	at javax.swing.DefaultButtonModel.fireActionPerformed(DefaultButtonModel.java:402)
	at javax.swing.DefaultButtonModel.setPressed(DefaultButtonModel.java:259)
	at javax.swing.plaf.basic.BasicButtonListener.mouseReleased(BasicButtonListener.java:252)
	at java.awt.Component.processMouseEvent(Component.java:6525)
	at javax.swing.JComponent.processMouseEvent(JComponent.java:3321)
	at java.awt.Component.processEvent(Component.java:6290)
	at java.awt.Container.processEvent(Container.java:2234)
	at java.awt.Component.dispatchEventImpl(Component.java:4881)
	at java.awt.Container.dispatchEventImpl(Container.java:2292)
	at java.awt.Component.dispatchEvent(Component.java:4703)
	at java.awt.LightweightDispatcher.retargetMouseEvent(Container.java:4898)
	at java.awt.LightweightDispatcher.processMouseEvent(Container.java:4533)
	at java.awt.LightweightDispatcher.dispatchEvent(Container.java:4462)
	at java.awt.Container.dispatchEventImpl(Container.java:2278)
	at java.awt.Window.dispatchEventImpl(Window.java:2739)
	at java.awt.Component.dispatchEvent(Component.java:4703)
	at java.awt.EventQueue.dispatchEventImpl(EventQueue.java:746)
	at java.awt.EventQueue.access$400(EventQueue.java:97)
	at java.awt.EventQueue$3.run(EventQueue.java:697)
	at java.awt.EventQueue$3.run(EventQueue.java:691)
	at java.security.AccessController.doPrivileged(Native Method)
	at java.security.ProtectionDomain$1.doIntersectionPrivilege(ProtectionDomain.java:75)
	at java.security.ProtectionDomain$1.doIntersectionPrivilege(ProtectionDomain.java:86)
	at java.awt.EventQueue$4.run(EventQueue.java:719)
	at java.awt.EventQueue$4.run(EventQueue.java:717)
	at java.security.AccessController.doPrivileged(Native Method)
	at java.security.ProtectionDomain$1.doIntersectionPrivilege(ProtectionDomain.java:75)
	at java.awt.EventQueue.dispatchEvent(EventQueue.java:716)
	at java.awt.EventDispatchThread.pumpOneEventForFilters(EventDispatchThread.java:201)
	at java.awt.EventDispatchThread.pumpEventsForFilter(EventDispatchThread.java:116)
	at java.awt.EventDispatchThread.pumpEventsForFilter(EventDispatchThread.java:109)
	at java.awt.WaitDispatchSupport$2.run(WaitDispatchSupport.java:184)
	at java.awt.WaitDispatchSupport$4.run(WaitDispatchSupport.java:229)
	at java.awt.WaitDispatchSupport$4.run(WaitDispatchSupport.java:227)
	at java.security.AccessController.doPrivileged(Native Method)
	at java.awt.WaitDispatchSupport.enter(WaitDispatchSupport.java:227)
	at java.awt.Dialog.show(Dialog.java:1084)
	at java.awt.Component.show(Component.java:1654)
	at java.awt.Component.setVisible(Component.java:1606)
	at java.awt.Window.setVisible(Window.java:1014)
	at java.awt.Dialog.setVisible(Dialog.java:1005)
	at heggland.reuse.JonDialog.ask(JonDialog.java:74)
	at heggland.reuse.ConnectDialog.createConnection(ConnectDialog.java:225)
	at heggland.relalg.DatabaseManager.connect(DatabaseManager.java:91)
	at heggland.relalg.DatabaseManager.access$200(DatabaseManager.java:37)
	at heggland.relalg.DatabaseManager$1.actionPerformed(DatabaseManager.java:151)
	at javax.swing.AbstractButton.fireActionPerformed(AbstractButton.java:2022)
	at javax.swing.AbstractButton$Handler.actionPerformed(AbstractButton.java:2346)
	at javax.swing.DefaultButtonModel.fireActionPerformed(DefaultButtonModel.java:402)
	at javax.swing.DefaultButtonModel.setPressed(DefaultButtonModel.java:259)
	at javax.swing.AbstractButton.doClick(AbstractButton.java:376)
	at javax.swing.plaf.basic.BasicMenuItemUI.doClick(BasicMenuItemUI.java:833)
	at com.apple.laf.AquaMenuItemUI.doClick(AquaMenuItemUI.java:157)
	at javax.swing.plaf.basic.BasicMenuItemUI$Handler.mouseReleased(BasicMenuItemUI.java:877)
	at java.awt.Component.processMouseEvent(Component.java:6525)
	at javax.swing.JComponent.processMouseEvent(JComponent.java:3321)
	at java.awt.Component.processEvent(Component.java:6290)
	at java.awt.Container.processEvent(Container.java:2234)
	at java.awt.Component.dispatchEventImpl(Component.java:4881)
	at java.awt.Container.dispatchEventImpl(Container.java:2292)
	at java.awt.Component.dispatchEvent(Component.java:4703)
	at java.awt.LightweightDispatcher.retargetMouseEvent(Container.java:4898)
	at java.awt.LightweightDispatcher.processMouseEvent(Container.java:4533)
	at java.awt.LightweightDispatcher.dispatchEvent(Container.java:4462)
	at java.awt.Container.dispatchEventImpl(Container.java:2278)
	at java.awt.Window.dispatchEventImpl(Window.java:2739)
	at java.awt.Component.dispatchEvent(Component.java:4703)
	at java.awt.EventQueue.dispatchEventImpl(EventQueue.java:746)
	at java.awt.EventQueue.access$400(EventQueue.java:97)
	at java.awt.EventQueue$3.run(EventQueue.java:697)
	at java.awt.EventQueue$3.run(EventQueue.java:691)
	at java.security.AccessController.doPrivileged(Native Method)
	at java.security.ProtectionDomain$1.doIntersectionPrivilege(ProtectionDomain.java:75)
	at java.security.ProtectionDomain$1.doIntersectionPrivilege(ProtectionDomain.java:86)
	at java.awt.EventQueue$4.run(EventQueue.java:719)
	at java.awt.EventQueue$4.run(EventQueue.java:717)
	at java.security.AccessController.doPrivileged(Native Method)
	at java.security.ProtectionDomain$1.doIntersectionPrivilege(ProtectionDomain.java:75)
	at java.awt.EventQueue.dispatchEvent(EventQueue.java:716)
	at java.awt.EventDispatchThread.pumpOneEventForFilters(EventDispatchThread.java:201)
	at java.awt.EventDispatchThread.pumpEventsForFilter(EventDispatchThread.java:116)
	at java.awt.EventDispatchThread.pumpEventsForHierarchy(EventDispatchThread.java:105)
	at java.awt.EventDispatchThread.pumpEvents(EventDispatchThread.java:101)
	at java.awt.EventDispatchThread.pumpEvents(EventDispatchThread.java:93)
	at java.awt.EventDispatchThread.run(EventDispatchThread.java:82)
============= end nested exception, level (1) ===========
Cleanup action completed
2015-02-03 11:52:06.509 GMT Thread[AWT-EventQueue-0,6,main] Cleanup action starting
java.sql.SQLException: Database 'bildatabase' not found.
	at org.apache.derby.impl.jdbc.SQLExceptionFactory40.getSQLException(Unknown Source)
	at org.apache.derby.impl.jdbc.Util.newEmbedSQLException(Unknown Source)
	at org.apache.derby.impl.jdbc.Util.newEmbedSQLException(Unknown Source)
	at org.apache.derby.impl.jdbc.Util.generateCsSQLException(Unknown Source)
	at org.apache.derby.impl.jdbc.EmbedConnection.newSQLException(Unknown Source)
	at org.apache.derby.impl.jdbc.EmbedConnection.<init>(Unknown Source)
	at org.apache.derby.impl.jdbc.EmbedConnection30.<init>(Unknown Source)
	at org.apache.derby.impl.jdbc.EmbedConnection40.<init>(Unknown Source)
	at org.apache.derby.jdbc.Driver40.getNewEmbedConnection(Unknown Source)
	at org.apache.derby.jdbc.InternalDriver.connect(Unknown Source)
	at org.apache.derby.jdbc.AutoloadedDriver.connect(Unknown Source)
	at java.sql.DriverManager.getConnection(DriverManager.java:664)
	at java.sql.DriverManager.getConnection(DriverManager.java:247)
	at heggland.reuse.ConnectDialog.close(ConnectDialog.java:256)
	at heggland.reuse.JonDialog$Listener.actionPerformed(JonDialog.java:98)
	at javax.swing.AbstractButton.fireActionPerformed(AbstractButton.java:2022)
	at javax.swing.AbstractButton$Handler.actionPerformed(AbstractButton.java:2346)
	at javax.swing.DefaultButtonModel.fireActionPerformed(DefaultButtonModel.java:402)
	at javax.swing.DefaultButtonModel.setPressed(DefaultButtonModel.java:259)
	at javax.swing.plaf.basic.BasicButtonListener.mouseReleased(BasicButtonListener.java:252)
	at java.awt.Component.processMouseEvent(Component.java:6525)
	at javax.swing.JComponent.processMouseEvent(JComponent.java:3321)
	at java.awt.Component.processEvent(Component.java:6290)
	at java.awt.Container.processEvent(Container.java:2234)
	at java.awt.Component.dispatchEventImpl(Component.java:4881)
	at java.awt.Container.dispatchEventImpl(Container.java:2292)
	at java.awt.Component.dispatchEvent(Component.java:4703)
	at java.awt.LightweightDispatcher.retargetMouseEvent(Container.java:4898)
	at java.awt.LightweightDispatcher.processMouseEvent(Container.java:4533)
	at java.awt.LightweightDispatcher.dispatchEvent(Container.java:4462)
	at java.awt.Container.dispatchEventImpl(Container.java:2278)
	at java.awt.Window.dispatchEventImpl(Window.java:2739)
	at java.awt.Component.dispatchEvent(Component.java:4703)
	at java.awt.EventQueue.dispatchEventImpl(EventQueue.java:746)
	at java.awt.EventQueue.access$400(EventQueue.java:97)
	at java.awt.EventQueue$3.run(EventQueue.java:697)
	at java.awt.EventQueue$3.run(EventQueue.java:691)
	at java.security.AccessController.doPrivileged(Native Method)
	at java.security.ProtectionDomain$1.doIntersectionPrivilege(ProtectionDomain.java:75)
	at java.security.ProtectionDomain$1.doIntersectionPrivilege(ProtectionDomain.java:86)
	at java.awt.EventQueue$4.run(EventQueue.java:719)
	at java.awt.EventQueue$4.run(EventQueue.java:717)
	at java.security.AccessController.doPrivileged(Native Method)
	at java.security.ProtectionDomain$1.doIntersectionPrivilege(ProtectionDomain.java:75)
	at java.awt.EventQueue.dispatchEvent(EventQueue.java:716)
	at java.awt.EventDispatchThread.pumpOneEventForFilters(EventDispatchThread.java:201)
	at java.awt.EventDispatchThread.pumpEventsForFilter(EventDispatchThread.java:116)
	at java.awt.EventDispatchThread.pumpEventsForFilter(EventDispatchThread.java:109)
	at java.awt.WaitDispatchSupport$2.run(WaitDispatchSupport.java:184)
	at java.awt.WaitDispatchSupport$4.run(WaitDispatchSupport.java:229)
	at java.awt.WaitDispatchSupport$4.run(WaitDispatchSupport.java:227)
	at java.security.AccessController.doPrivileged(Native Method)
	at java.awt.WaitDispatchSupport.enter(WaitDispatchSupport.java:227)
	at java.awt.Dialog.show(Dialog.java:1084)
	at java.awt.Component.show(Component.java:1654)
	at java.awt.Component.setVisible(Component.java:1606)
	at java.awt.Window.setVisible(Window.java:1014)
	at java.awt.Dialog.setVisible(Dialog.java:1005)
	at heggland.reuse.JonDialog.ask(JonDialog.java:74)
	at heggland.reuse.ConnectDialog.createConnection(ConnectDialog.java:225)
	at heggland.relalg.DatabaseManager.connect(DatabaseManager.java:91)
	at heggland.relalg.DatabaseManager.access$200(DatabaseManager.java:37)
	at heggland.relalg.DatabaseManager$1.actionPerformed(DatabaseManager.java:151)
	at javax.swing.AbstractButton.fireActionPerformed(AbstractButton.java:2022)
	at javax.swing.AbstractButton$Handler.actionPerformed(AbstractButton.java:2346)
	at javax.swing.DefaultButtonModel.fireActionPerformed(DefaultButtonModel.java:402)
	at javax.swing.DefaultButtonModel.setPressed(DefaultButtonModel.java:259)
	at javax.swing.AbstractButton.doClick(AbstractButton.java:376)
	at javax.swing.plaf.basic.BasicMenuItemUI.doClick(BasicMenuItemUI.java:833)
	at com.apple.laf.AquaMenuItemUI.doClick(AquaMenuItemUI.java:157)
	at javax.swing.plaf.basic.BasicMenuItemUI$Handler.mouseReleased(BasicMenuItemUI.java:877)
	at java.awt.Component.processMouseEvent(Component.java:6525)
	at javax.swing.JComponent.processMouseEvent(JComponent.java:3321)
	at java.awt.Component.processEvent(Component.java:6290)
	at java.awt.Container.processEvent(Container.java:2234)
	at java.awt.Component.dispatchEventImpl(Component.java:4881)
	at java.awt.Container.dispatchEventImpl(Container.java:2292)
	at java.awt.Component.dispatchEvent(Component.java:4703)
	at java.awt.LightweightDispatcher.retargetMouseEvent(Container.java:4898)
	at java.awt.LightweightDispatcher.processMouseEvent(Container.java:4533)
	at java.awt.LightweightDispatcher.dispatchEvent(Container.java:4462)
	at java.awt.Container.dispatchEventImpl(Container.java:2278)
	at java.awt.Window.dispatchEventImpl(Window.java:2739)
	at java.awt.Component.dispatchEvent(Component.java:4703)
	at java.awt.EventQueue.dispatchEventImpl(EventQueue.java:746)
	at java.awt.EventQueue.access$400(EventQueue.java:97)
	at java.awt.EventQueue$3.run(EventQueue.java:697)
	at java.awt.EventQueue$3.run(EventQueue.java:691)
	at java.security.AccessController.doPrivileged(Native Method)
	at java.security.ProtectionDomain$1.doIntersectionPrivilege(ProtectionDomain.java:75)
	at java.security.ProtectionDomain$1.doIntersectionPrivilege(ProtectionDomain.java:86)
	at java.awt.EventQueue$4.run(EventQueue.java:719)
	at java.awt.EventQueue$4.run(EventQueue.java:717)
	at java.security.AccessController.doPrivileged(Native Method)
	at java.security.ProtectionDomain$1.doIntersectionPrivilege(ProtectionDomain.java:75)
	at java.awt.EventQueue.dispatchEvent(EventQueue.java:716)
	at java.awt.EventDispatchThread.pumpOneEventForFilters(EventDispatchThread.java:201)
	at java.awt.EventDispatchThread.pumpEventsForFilter(EventDispatchThread.java:116)
	at java.awt.EventDispatchThread.pumpEventsForHierarchy(EventDispatchThread.java:105)
	at java.awt.EventDispatchThread.pumpEvents(EventDispatchThread.java:101)
	at java.awt.EventDispatchThread.pumpEvents(EventDispatchThread.java:93)
	at java.awt.EventDispatchThread.run(EventDispatchThread.java:82)
Caused by: java.sql.SQLException: Database 'bildatabase' not found.
	at org.apache.derby.impl.jdbc.SQLExceptionFactory.getSQLException(Unknown Source)
	at org.apache.derby.impl.jdbc.SQLExceptionFactory40.wrapArgsForTransportAcrossDRDA(Unknown Source)
	... 102 more
============= begin nested exception, level (1) ===========
java.sql.SQLException: Database 'bildatabase' not found.
	at org.apache.derby.impl.jdbc.SQLExceptionFactory.getSQLException(Unknown Source)
	at org.apache.derby.impl.jdbc.SQLExceptionFactory40.wrapArgsForTransportAcrossDRDA(Unknown Source)
	at org.apache.derby.impl.jdbc.SQLExceptionFactory40.getSQLException(Unknown Source)
	at org.apache.derby.impl.jdbc.Util.newEmbedSQLException(Unknown Source)
	at org.apache.derby.impl.jdbc.Util.newEmbedSQLException(Unknown Source)
	at org.apache.derby.impl.jdbc.Util.generateCsSQLException(Unknown Source)
	at org.apache.derby.impl.jdbc.EmbedConnection.newSQLException(Unknown Source)
	at org.apache.derby.impl.jdbc.EmbedConnection.<init>(Unknown Source)
	at org.apache.derby.impl.jdbc.EmbedConnection30.<init>(Unknown Source)
	at org.apache.derby.impl.jdbc.EmbedConnection40.<init>(Unknown Source)
	at org.apache.derby.jdbc.Driver40.getNewEmbedConnection(Unknown Source)
	at org.apache.derby.jdbc.InternalDriver.connect(Unknown Source)
	at org.apache.derby.jdbc.AutoloadedDriver.connect(Unknown Source)
	at java.sql.DriverManager.getConnection(DriverManager.java:664)
	at java.sql.DriverManager.getConnection(DriverManager.java:247)
	at heggland.reuse.ConnectDialog.close(ConnectDialog.java:256)
	at heggland.reuse.JonDialog$Listener.actionPerformed(JonDialog.java:98)
	at javax.swing.AbstractButton.fireActionPerformed(AbstractButton.java:2022)
	at javax.swing.AbstractButton$Handler.actionPerformed(AbstractButton.java:2346)
	at javax.swing.DefaultButtonModel.fireActionPerformed(DefaultButtonModel.java:402)
	at javax.swing.DefaultButtonModel.setPressed(DefaultButtonModel.java:259)
	at javax.swing.plaf.basic.BasicButtonListener.mouseReleased(BasicButtonListener.java:252)
	at java.awt.Component.processMouseEvent(Component.java:6525)
	at javax.swing.JComponent.processMouseEvent(JComponent.java:3321)
	at java.awt.Component.processEvent(Component.java:6290)
	at java.awt.Container.processEvent(Container.java:2234)
	at java.awt.Component.dispatchEventImpl(Component.java:4881)
	at java.awt.Container.dispatchEventImpl(Container.java:2292)
	at java.awt.Component.dispatchEvent(Component.java:4703)
	at java.awt.LightweightDispatcher.retargetMouseEvent(Container.java:4898)
	at java.awt.LightweightDispatcher.processMouseEvent(Container.java:4533)
	at java.awt.LightweightDispatcher.dispatchEvent(Container.java:4462)
	at java.awt.Container.dispatchEventImpl(Container.java:2278)
	at java.awt.Window.dispatchEventImpl(Window.java:2739)
	at java.awt.Component.dispatchEvent(Component.java:4703)
	at java.awt.EventQueue.dispatchEventImpl(EventQueue.java:746)
	at java.awt.EventQueue.access$400(EventQueue.java:97)
	at java.awt.EventQueue$3.run(EventQueue.java:697)
	at java.awt.EventQueue$3.run(EventQueue.java:691)
	at java.security.AccessController.doPrivileged(Native Method)
	at java.security.ProtectionDomain$1.doIntersectionPrivilege(ProtectionDomain.java:75)
	at java.security.ProtectionDomain$1.doIntersectionPrivilege(ProtectionDomain.java:86)
	at java.awt.EventQueue$4.run(EventQueue.java:719)
	at java.awt.EventQueue$4.run(EventQueue.java:717)
	at java.security.AccessController.doPrivileged(Native Method)
	at java.security.ProtectionDomain$1.doIntersectionPrivilege(ProtectionDomain.java:75)
	at java.awt.EventQueue.dispatchEvent(EventQueue.java:716)
	at java.awt.EventDispatchThread.pumpOneEventForFilters(EventDispatchThread.java:201)
	at java.awt.EventDispatchThread.pumpEventsForFilter(EventDispatchThread.java:116)
	at java.awt.EventDispatchThread.pumpEventsForFilter(EventDispatchThread.java:109)
	at java.awt.WaitDispatchSupport$2.run(WaitDispatchSupport.java:184)
	at java.awt.WaitDispatchSupport$4.run(WaitDispatchSupport.java:229)
	at java.awt.WaitDispatchSupport$4.run(WaitDispatchSupport.java:227)
	at java.security.AccessController.doPrivileged(Native Method)
	at java.awt.WaitDispatchSupport.enter(WaitDispatchSupport.java:227)
	at java.awt.Dialog.show(Dialog.java:1084)
	at java.awt.Component.show(Component.java:1654)
	at java.awt.Component.setVisible(Component.java:1606)
	at java.awt.Window.setVisible(Window.java:1014)
	at java.awt.Dialog.setVisible(Dialog.java:1005)
	at heggland.reuse.JonDialog.ask(JonDialog.java:74)
	at heggland.reuse.ConnectDialog.createConnection(ConnectDialog.java:225)
	at heggland.relalg.DatabaseManager.connect(DatabaseManager.java:91)
	at heggland.relalg.DatabaseManager.access$200(DatabaseManager.java:37)
	at heggland.relalg.DatabaseManager$1.actionPerformed(DatabaseManager.java:151)
	at javax.swing.AbstractButton.fireActionPerformed(AbstractButton.java:2022)
	at javax.swing.AbstractButton$Handler.actionPerformed(AbstractButton.java:2346)
	at javax.swing.DefaultButtonModel.fireActionPerformed(DefaultButtonModel.java:402)
	at javax.swing.DefaultButtonModel.setPressed(DefaultButtonModel.java:259)
	at javax.swing.AbstractButton.doClick(AbstractButton.java:376)
	at javax.swing.plaf.basic.BasicMenuItemUI.doClick(BasicMenuItemUI.java:833)
	at com.apple.laf.AquaMenuItemUI.doClick(AquaMenuItemUI.java:157)
	at javax.swing.plaf.basic.BasicMenuItemUI$Handler.mouseReleased(BasicMenuItemUI.java:877)
	at java.awt.Component.processMouseEvent(Component.java:6525)
	at javax.swing.JComponent.processMouseEvent(JComponent.java:3321)
	at java.awt.Component.processEvent(Component.java:6290)
	at java.awt.Container.processEvent(Container.java:2234)
	at java.awt.Component.dispatchEventImpl(Component.java:4881)
	at java.awt.Container.dispatchEventImpl(Container.java:2292)
	at java.awt.Component.dispatchEvent(Component.java:4703)
	at java.awt.LightweightDispatcher.retargetMouseEvent(Container.java:4898)
	at java.awt.LightweightDispatcher.processMouseEvent(Container.java:4533)
	at java.awt.LightweightDispatcher.dispatchEvent(Container.java:4462)
	at java.awt.Container.dispatchEventImpl(Container.java:2278)
	at java.awt.Window.dispatchEventImpl(Window.java:2739)
	at java.awt.Component.dispatchEvent(Component.java:4703)
	at java.awt.EventQueue.dispatchEventImpl(EventQueue.java:746)
	at java.awt.EventQueue.access$400(EventQueue.java:97)
	at java.awt.EventQueue$3.run(EventQueue.java:697)
	at java.awt.EventQueue$3.run(EventQueue.java:691)
	at java.security.AccessController.doPrivileged(Native Method)
	at java.security.ProtectionDomain$1.doIntersectionPrivilege(ProtectionDomain.java:75)
	at java.security.ProtectionDomain$1.doIntersectionPrivilege(ProtectionDomain.java:86)
	at java.awt.EventQueue$4.run(EventQueue.java:719)
	at java.awt.EventQueue$4.run(EventQueue.java:717)
	at java.security.AccessController.doPrivileged(Native Method)
	at java.security.ProtectionDomain$1.doIntersectionPrivilege(ProtectionDomain.java:75)
	at java.awt.EventQueue.dispatchEvent(EventQueue.java:716)
	at java.awt.EventDispatchThread.pumpOneEventForFilters(EventDispatchThread.java:201)
	at java.awt.EventDispatchThread.pumpEventsForFilter(EventDispatchThread.java:116)
	at java.awt.EventDispatchThread.pumpEventsForHierarchy(EventDispatchThread.java:105)
	at java.awt.EventDispatchThread.pumpEvents(EventDispatchThread.java:101)
	at java.awt.EventDispatchThread.pumpEvents(EventDispatchThread.java:93)
	at java.awt.EventDispatchThread.run(EventDispatchThread.java:82)
============= end nested exception, level (1) ===========
Cleanup action completed
2015-02-03 11:52:12.758 GMT Thread[AWT-EventQueue-0,6,main] Cleanup action starting
java.sql.SQLException: Database 'bokbase' not found.
	at org.apache.derby.impl.jdbc.SQLExceptionFactory40.getSQLException(Unknown Source)
	at org.apache.derby.impl.jdbc.Util.newEmbedSQLException(Unknown Source)
	at org.apache.derby.impl.jdbc.Util.newEmbedSQLException(Unknown Source)
	at org.apache.derby.impl.jdbc.Util.generateCsSQLException(Unknown Source)
	at org.apache.derby.impl.jdbc.EmbedConnection.newSQLException(Unknown Source)
	at org.apache.derby.impl.jdbc.EmbedConnection.<init>(Unknown Source)
	at org.apache.derby.impl.jdbc.EmbedConnection30.<init>(Unknown Source)
	at org.apache.derby.impl.jdbc.EmbedConnection40.<init>(Unknown Source)
	at org.apache.derby.jdbc.Driver40.getNewEmbedConnection(Unknown Source)
	at org.apache.derby.jdbc.InternalDriver.connect(Unknown Source)
	at org.apache.derby.jdbc.AutoloadedDriver.connect(Unknown Source)
	at java.sql.DriverManager.getConnection(DriverManager.java:664)
	at java.sql.DriverManager.getConnection(DriverManager.java:247)
	at heggland.reuse.ConnectDialog.close(ConnectDialog.java:256)
	at heggland.reuse.JonDialog$Listener.actionPerformed(JonDialog.java:98)
	at javax.swing.AbstractButton.fireActionPerformed(AbstractButton.java:2022)
	at javax.swing.AbstractButton$Handler.actionPerformed(AbstractButton.java:2346)
	at javax.swing.DefaultButtonModel.fireActionPerformed(DefaultButtonModel.java:402)
	at javax.swing.DefaultButtonModel.setPressed(DefaultButtonModel.java:259)
	at javax.swing.plaf.basic.BasicButtonListener.mouseReleased(BasicButtonListener.java:252)
	at java.awt.Component.processMouseEvent(Component.java:6525)
	at javax.swing.JComponent.processMouseEvent(JComponent.java:3321)
	at java.awt.Component.processEvent(Component.java:6290)
	at java.awt.Container.processEvent(Container.java:2234)
	at java.awt.Component.dispatchEventImpl(Component.java:4881)
	at java.awt.Container.dispatchEventImpl(Container.java:2292)
	at java.awt.Component.dispatchEvent(Component.java:4703)
	at java.awt.LightweightDispatcher.retargetMouseEvent(Container.java:4898)
	at java.awt.LightweightDispatcher.processMouseEvent(Container.java:4533)
	at java.awt.LightweightDispatcher.dispatchEvent(Container.java:4462)
	at java.awt.Container.dispatchEventImpl(Container.java:2278)
	at java.awt.Window.dispatchEventImpl(Window.java:2739)
	at java.awt.Component.dispatchEvent(Component.java:4703)
	at java.awt.EventQueue.dispatchEventImpl(EventQueue.java:746)
	at java.awt.EventQueue.access$400(EventQueue.java:97)
	at java.awt.EventQueue$3.run(EventQueue.java:697)
	at java.awt.EventQueue$3.run(EventQueue.java:691)
	at java.security.AccessController.doPrivileged(Native Method)
	at java.security.ProtectionDomain$1.doIntersectionPrivilege(ProtectionDomain.java:75)
	at java.security.ProtectionDomain$1.doIntersectionPrivilege(ProtectionDomain.java:86)
	at java.awt.EventQueue$4.run(EventQueue.java:719)
	at java.awt.EventQueue$4.run(EventQueue.java:717)
	at java.security.AccessController.doPrivileged(Native Method)
	at java.security.ProtectionDomain$1.doIntersectionPrivilege(ProtectionDomain.java:75)
	at java.awt.EventQueue.dispatchEvent(EventQueue.java:716)
	at java.awt.EventDispatchThread.pumpOneEventForFilters(EventDispatchThread.java:201)
	at java.awt.EventDispatchThread.pumpEventsForFilter(EventDispatchThread.java:116)
	at java.awt.EventDispatchThread.pumpEventsForFilter(EventDispatchThread.java:109)
	at java.awt.WaitDispatchSupport$2.run(WaitDispatchSupport.java:184)
	at java.awt.WaitDispatchSupport$4.run(WaitDispatchSupport.java:229)
	at java.awt.WaitDispatchSupport$4.run(WaitDispatchSupport.java:227)
	at java.security.AccessController.doPrivileged(Native Method)
	at java.awt.WaitDispatchSupport.enter(WaitDispatchSupport.java:227)
	at java.awt.Dialog.show(Dialog.java:1084)
	at java.awt.Component.show(Component.java:1654)
	at java.awt.Component.setVisible(Component.java:1606)
	at java.awt.Window.setVisible(Window.java:1014)
	at java.awt.Dialog.setVisible(Dialog.java:1005)
	at heggland.reuse.JonDialog.ask(JonDialog.java:74)
	at heggland.reuse.ConnectDialog.createConnection(ConnectDialog.java:225)
	at heggland.relalg.DatabaseManager.connect(DatabaseManager.java:91)
	at heggland.relalg.DatabaseManager.access$200(DatabaseManager.java:37)
	at heggland.relalg.DatabaseManager$1.actionPerformed(DatabaseManager.java:151)
	at javax.swing.AbstractButton.fireActionPerformed(AbstractButton.java:2022)
	at javax.swing.AbstractButton$Handler.actionPerformed(AbstractButton.java:2346)
	at javax.swing.DefaultButtonModel.fireActionPerformed(DefaultButtonModel.java:402)
	at javax.swing.DefaultButtonModel.setPressed(DefaultButtonModel.java:259)
	at javax.swing.AbstractButton.doClick(AbstractButton.java:376)
	at javax.swing.plaf.basic.BasicMenuItemUI.doClick(BasicMenuItemUI.java:833)
	at com.apple.laf.AquaMenuItemUI.doClick(AquaMenuItemUI.java:157)
	at javax.swing.plaf.basic.BasicMenuItemUI$Handler.mouseReleased(BasicMenuItemUI.java:877)
	at java.awt.Component.processMouseEvent(Component.java:6525)
	at javax.swing.JComponent.processMouseEvent(JComponent.java:3321)
	at java.awt.Component.processEvent(Component.java:6290)
	at java.awt.Container.processEvent(Container.java:2234)
	at java.awt.Component.dispatchEventImpl(Component.java:4881)
	at java.awt.Container.dispatchEventImpl(Container.java:2292)
	at java.awt.Component.dispatchEvent(Component.java:4703)
	at java.awt.LightweightDispatcher.retargetMouseEvent(Container.java:4898)
	at java.awt.LightweightDispatcher.processMouseEvent(Container.java:4533)
	at java.awt.LightweightDispatcher.dispatchEvent(Container.java:4462)
	at java.awt.Container.dispatchEventImpl(Container.java:2278)
	at java.awt.Window.dispatchEventImpl(Window.java:2739)
	at java.awt.Component.dispatchEvent(Component.java:4703)
	at java.awt.EventQueue.dispatchEventImpl(EventQueue.java:746)
	at java.awt.EventQueue.access$400(EventQueue.java:97)
	at java.awt.EventQueue$3.run(EventQueue.java:697)
	at java.awt.EventQueue$3.run(EventQueue.java:691)
	at java.security.AccessController.doPrivileged(Native Method)
	at java.security.ProtectionDomain$1.doIntersectionPrivilege(ProtectionDomain.java:75)
	at java.security.ProtectionDomain$1.doIntersectionPrivilege(ProtectionDomain.java:86)
	at java.awt.EventQueue$4.run(EventQueue.java:719)
	at java.awt.EventQueue$4.run(EventQueue.java:717)
	at java.security.AccessController.doPrivileged(Native Method)
	at java.security.ProtectionDomain$1.doIntersectionPrivilege(ProtectionDomain.java:75)
	at java.awt.EventQueue.dispatchEvent(EventQueue.java:716)
	at java.awt.EventDispatchThread.pumpOneEventForFilters(EventDispatchThread.java:201)
	at java.awt.EventDispatchThread.pumpEventsForFilter(EventDispatchThread.java:116)
	at java.awt.EventDispatchThread.pumpEventsForHierarchy(EventDispatchThread.java:105)
	at java.awt.EventDispatchThread.pumpEvents(EventDispatchThread.java:101)
	at java.awt.EventDispatchThread.pumpEvents(EventDispatchThread.java:93)
	at java.awt.EventDispatchThread.run(EventDispatchThread.java:82)
Caused by: java.sql.SQLException: Database 'bokbase' not found.
	at org.apache.derby.impl.jdbc.SQLExceptionFactory.getSQLException(Unknown Source)
	at org.apache.derby.impl.jdbc.SQLExceptionFactory40.wrapArgsForTransportAcrossDRDA(Unknown Source)
	... 102 more
============= begin nested exception, level (1) ===========
java.sql.SQLException: Database 'bokbase' not found.
	at org.apache.derby.impl.jdbc.SQLExceptionFactory.getSQLException(Unknown Source)
	at org.apache.derby.impl.jdbc.SQLExceptionFactory40.wrapArgsForTransportAcrossDRDA(Unknown Source)
	at org.apache.derby.impl.jdbc.SQLExceptionFactory40.getSQLException(Unknown Source)
	at org.apache.derby.impl.jdbc.Util.newEmbedSQLException(Unknown Source)
	at org.apache.derby.impl.jdbc.Util.newEmbedSQLException(Unknown Source)
	at org.apache.derby.impl.jdbc.Util.generateCsSQLException(Unknown Source)
	at org.apache.derby.impl.jdbc.EmbedConnection.newSQLException(Unknown Source)
	at org.apache.derby.impl.jdbc.EmbedConnection.<init>(Unknown Source)
	at org.apache.derby.impl.jdbc.EmbedConnection30.<init>(Unknown Source)
	at org.apache.derby.impl.jdbc.EmbedConnection40.<init>(Unknown Source)
	at org.apache.derby.jdbc.Driver40.getNewEmbedConnection(Unknown Source)
	at org.apache.derby.jdbc.InternalDriver.connect(Unknown Source)
	at org.apache.derby.jdbc.AutoloadedDriver.connect(Unknown Source)
	at java.sql.DriverManager.getConnection(DriverManager.java:664)
	at java.sql.DriverManager.getConnection(DriverManager.java:247)
	at heggland.reuse.ConnectDialog.close(ConnectDialog.java:256)
	at heggland.reuse.JonDialog$Listener.actionPerformed(JonDialog.java:98)
	at javax.swing.AbstractButton.fireActionPerformed(AbstractButton.java:2022)
	at javax.swing.AbstractButton$Handler.actionPerformed(AbstractButton.java:2346)
	at javax.swing.DefaultButtonModel.fireActionPerformed(DefaultButtonModel.java:402)
	at javax.swing.DefaultButtonModel.setPressed(DefaultButtonModel.java:259)
	at javax.swing.plaf.basic.BasicButtonListener.mouseReleased(BasicButtonListener.java:252)
	at java.awt.Component.processMouseEvent(Component.java:6525)
	at javax.swing.JComponent.processMouseEvent(JComponent.java:3321)
	at java.awt.Component.processEvent(Component.java:6290)
	at java.awt.Container.processEvent(Container.java:2234)
	at java.awt.Component.dispatchEventImpl(Component.java:4881)
	at java.awt.Container.dispatchEventImpl(Container.java:2292)
	at java.awt.Component.dispatchEvent(Component.java:4703)
	at java.awt.LightweightDispatcher.retargetMouseEvent(Container.java:4898)
	at java.awt.LightweightDispatcher.processMouseEvent(Container.java:4533)
	at java.awt.LightweightDispatcher.dispatchEvent(Container.java:4462)
	at java.awt.Container.dispatchEventImpl(Container.java:2278)
	at java.awt.Window.dispatchEventImpl(Window.java:2739)
	at java.awt.Component.dispatchEvent(Component.java:4703)
	at java.awt.EventQueue.dispatchEventImpl(EventQueue.java:746)
	at java.awt.EventQueue.access$400(EventQueue.java:97)
	at java.awt.EventQueue$3.run(EventQueue.java:697)
	at java.awt.EventQueue$3.run(EventQueue.java:691)
	at java.security.AccessController.doPrivileged(Native Method)
	at java.security.ProtectionDomain$1.doIntersectionPrivilege(ProtectionDomain.java:75)
	at java.security.ProtectionDomain$1.doIntersectionPrivilege(ProtectionDomain.java:86)
	at java.awt.EventQueue$4.run(EventQueue.java:719)
	at java.awt.EventQueue$4.run(EventQueue.java:717)
	at java.security.AccessController.doPrivileged(Native Method)
	at java.security.ProtectionDomain$1.doIntersectionPrivilege(ProtectionDomain.java:75)
	at java.awt.EventQueue.dispatchEvent(EventQueue.java:716)
	at java.awt.EventDispatchThread.pumpOneEventForFilters(EventDispatchThread.java:201)
	at java.awt.EventDispatchThread.pumpEventsForFilter(EventDispatchThread.java:116)
	at java.awt.EventDispatchThread.pumpEventsForFilter(EventDispatchThread.java:109)
	at java.awt.WaitDispatchSupport$2.run(WaitDispatchSupport.java:184)
	at java.awt.WaitDispatchSupport$4.run(WaitDispatchSupport.java:229)
	at java.awt.WaitDispatchSupport$4.run(WaitDispatchSupport.java:227)
	at java.security.AccessController.doPrivileged(Native Method)
	at java.awt.WaitDispatchSupport.enter(WaitDispatchSupport.java:227)
	at java.awt.Dialog.show(Dialog.java:1084)
	at java.awt.Component.show(Component.java:1654)
	at java.awt.Component.setVisible(Component.java:1606)
	at java.awt.Window.setVisible(Window.java:1014)
	at java.awt.Dialog.setVisible(Dialog.java:1005)
	at heggland.reuse.JonDialog.ask(JonDialog.java:74)
	at heggland.reuse.ConnectDialog.createConnection(ConnectDialog.java:225)
	at heggland.relalg.DatabaseManager.connect(DatabaseManager.java:91)
	at heggland.relalg.DatabaseManager.access$200(DatabaseManager.java:37)
	at heggland.relalg.DatabaseManager$1.actionPerformed(DatabaseManager.java:151)
	at javax.swing.AbstractButton.fireActionPerformed(AbstractButton.java:2022)
	at javax.swing.AbstractButton$Handler.actionPerformed(AbstractButton.java:2346)
	at javax.swing.DefaultButtonModel.fireActionPerformed(DefaultButtonModel.java:402)
	at javax.swing.DefaultButtonModel.setPressed(DefaultButtonModel.java:259)
	at javax.swing.AbstractButton.doClick(AbstractButton.java:376)
	at javax.swing.plaf.basic.BasicMenuItemUI.doClick(BasicMenuItemUI.java:833)
	at com.apple.laf.AquaMenuItemUI.doClick(AquaMenuItemUI.java:157)
	at javax.swing.plaf.basic.BasicMenuItemUI$Handler.mouseReleased(BasicMenuItemUI.java:877)
	at java.awt.Component.processMouseEvent(Component.java:6525)
	at javax.swing.JComponent.processMouseEvent(JComponent.java:3321)
	at java.awt.Component.processEvent(Component.java:6290)
	at java.awt.Container.processEvent(Container.java:2234)
	at java.awt.Component.dispatchEventImpl(Component.java:4881)
	at java.awt.Container.dispatchEventImpl(Container.java:2292)
	at java.awt.Component.dispatchEvent(Component.java:4703)
	at java.awt.LightweightDispatcher.retargetMouseEvent(Container.java:4898)
	at java.awt.LightweightDispatcher.processMouseEvent(Container.java:4533)
	at java.awt.LightweightDispatcher.dispatchEvent(Container.java:4462)
	at java.awt.Container.dispatchEventImpl(Container.java:2278)
	at java.awt.Window.dispatchEventImpl(Window.java:2739)
	at java.awt.Component.dispatchEvent(Component.java:4703)
	at java.awt.EventQueue.dispatchEventImpl(EventQueue.java:746)
	at java.awt.EventQueue.access$400(EventQueue.java:97)
	at java.awt.EventQueue$3.run(EventQueue.java:697)
	at java.awt.EventQueue$3.run(EventQueue.java:691)
	at java.security.AccessController.doPrivileged(Native Method)
	at java.security.ProtectionDomain$1.doIntersectionPrivilege(ProtectionDomain.java:75)
	at java.security.ProtectionDomain$1.doIntersectionPrivilege(ProtectionDomain.java:86)
	at java.awt.EventQueue$4.run(EventQueue.java:719)
	at java.awt.EventQueue$4.run(EventQueue.java:717)
	at java.security.AccessController.doPrivileged(Native Method)
	at java.security.ProtectionDomain$1.doIntersectionPrivilege(ProtectionDomain.java:75)
	at java.awt.EventQueue.dispatchEvent(EventQueue.java:716)
	at java.awt.EventDispatchThread.pumpOneEventForFilters(EventDispatchThread.java:201)
	at java.awt.EventDispatchThread.pumpEventsForFilter(EventDispatchThread.java:116)
	at java.awt.EventDispatchThread.pumpEventsForHierarchy(EventDispatchThread.java:105)
	at java.awt.EventDispatchThread.pumpEvents(EventDispatchThread.java:101)
	at java.awt.EventDispatchThread.pumpEvents(EventDispatchThread.java:93)
	at java.awt.EventDispatchThread.run(EventDispatchThread.java:82)
============= end nested exception, level (1) ===========
Cleanup action completed
2015-02-03 11:52:29.869 GMT Thread[AWT-EventQueue-0,6,main] Cleanup action starting
java.sql.SQLException: Database 'bokbase' not found.
	at org.apache.derby.impl.jdbc.SQLExceptionFactory40.getSQLException(Unknown Source)
	at org.apache.derby.impl.jdbc.Util.newEmbedSQLException(Unknown Source)
	at org.apache.derby.impl.jdbc.Util.newEmbedSQLException(Unknown Source)
	at org.apache.derby.impl.jdbc.Util.generateCsSQLException(Unknown Source)
	at org.apache.derby.impl.jdbc.EmbedConnection.newSQLException(Unknown Source)
	at org.apache.derby.impl.jdbc.EmbedConnection.<init>(Unknown Source)
	at org.apache.derby.impl.jdbc.EmbedConnection30.<init>(Unknown Source)
	at org.apache.derby.impl.jdbc.EmbedConnection40.<init>(Unknown Source)
	at org.apache.derby.jdbc.Driver40.getNewEmbedConnection(Unknown Source)
	at org.apache.derby.jdbc.InternalDriver.connect(Unknown Source)
	at org.apache.derby.jdbc.AutoloadedDriver.connect(Unknown Source)
	at java.sql.DriverManager.getConnection(DriverManager.java:664)
	at java.sql.DriverManager.getConnection(DriverManager.java:247)
	at heggland.reuse.ConnectDialog.close(ConnectDialog.java:256)
	at heggland.reuse.JonDialog$Listener.actionPerformed(JonDialog.java:98)
	at javax.swing.AbstractButton.fireActionPerformed(AbstractButton.java:2022)
	at javax.swing.AbstractButton$Handler.actionPerformed(AbstractButton.java:2346)
	at javax.swing.DefaultButtonModel.fireActionPerformed(DefaultButtonModel.java:402)
	at javax.swing.DefaultButtonModel.setPressed(DefaultButtonModel.java:259)
	at javax.swing.plaf.basic.BasicButtonListener.mouseReleased(BasicButtonListener.java:252)
	at java.awt.Component.processMouseEvent(Component.java:6525)
	at javax.swing.JComponent.processMouseEvent(JComponent.java:3321)
	at java.awt.Component.processEvent(Component.java:6290)
	at java.awt.Container.processEvent(Container.java:2234)
	at java.awt.Component.dispatchEventImpl(Component.java:4881)
	at java.awt.Container.dispatchEventImpl(Container.java:2292)
	at java.awt.Component.dispatchEvent(Component.java:4703)
	at java.awt.LightweightDispatcher.retargetMouseEvent(Container.java:4898)
	at java.awt.LightweightDispatcher.processMouseEvent(Container.java:4533)
	at java.awt.LightweightDispatcher.dispatchEvent(Container.java:4462)
	at java.awt.Container.dispatchEventImpl(Container.java:2278)
	at java.awt.Window.dispatchEventImpl(Window.java:2739)
	at java.awt.Component.dispatchEvent(Component.java:4703)
	at java.awt.EventQueue.dispatchEventImpl(EventQueue.java:746)
	at java.awt.EventQueue.access$400(EventQueue.java:97)
	at java.awt.EventQueue$3.run(EventQueue.java:697)
	at java.awt.EventQueue$3.run(EventQueue.java:691)
	at java.security.AccessController.doPrivileged(Native Method)
	at java.security.ProtectionDomain$1.doIntersectionPrivilege(ProtectionDomain.java:75)
	at java.security.ProtectionDomain$1.doIntersectionPrivilege(ProtectionDomain.java:86)
	at java.awt.EventQueue$4.run(EventQueue.java:719)
	at java.awt.EventQueue$4.run(EventQueue.java:717)
	at java.security.AccessController.doPrivileged(Native Method)
	at java.security.ProtectionDomain$1.doIntersectionPrivilege(ProtectionDomain.java:75)
	at java.awt.EventQueue.dispatchEvent(EventQueue.java:716)
	at java.awt.EventDispatchThread.pumpOneEventForFilters(EventDispatchThread.java:201)
	at java.awt.EventDispatchThread.pumpEventsForFilter(EventDispatchThread.java:116)
	at java.awt.EventDispatchThread.pumpEventsForFilter(EventDispatchThread.java:109)
	at java.awt.WaitDispatchSupport$2.run(WaitDispatchSupport.java:184)
	at java.awt.WaitDispatchSupport$4.run(WaitDispatchSupport.java:229)
	at java.awt.WaitDispatchSupport$4.run(WaitDispatchSupport.java:227)
	at java.security.AccessController.doPrivileged(Native Method)
	at java.awt.WaitDispatchSupport.enter(WaitDispatchSupport.java:227)
	at java.awt.Dialog.show(Dialog.java:1084)
	at java.awt.Component.show(Component.java:1654)
	at java.awt.Component.setVisible(Component.java:1606)
	at java.awt.Window.setVisible(Window.java:1014)
	at java.awt.Dialog.setVisible(Dialog.java:1005)
	at heggland.reuse.JonDialog.ask(JonDialog.java:74)
	at heggland.reuse.ConnectDialog.createConnection(ConnectDialog.java:225)
	at heggland.relalg.DatabaseManager.connect(DatabaseManager.java:91)
	at heggland.relalg.DatabaseManager.access$200(DatabaseManager.java:37)
	at heggland.relalg.DatabaseManager$1.actionPerformed(DatabaseManager.java:151)
	at javax.swing.AbstractButton.fireActionPerformed(AbstractButton.java:2022)
	at javax.swing.AbstractButton$Handler.actionPerformed(AbstractButton.java:2346)
	at javax.swing.DefaultButtonModel.fireActionPerformed(DefaultButtonModel.java:402)
	at javax.swing.DefaultButtonModel.setPressed(DefaultButtonModel.java:259)
	at javax.swing.AbstractButton.doClick(AbstractButton.java:376)
	at javax.swing.plaf.basic.BasicMenuItemUI.doClick(BasicMenuItemUI.java:833)
	at com.apple.laf.AquaMenuItemUI.doClick(AquaMenuItemUI.java:157)
	at javax.swing.plaf.basic.BasicMenuItemUI$Handler.mouseReleased(BasicMenuItemUI.java:877)
	at java.awt.Component.processMouseEvent(Component.java:6525)
	at javax.swing.JComponent.processMouseEvent(JComponent.java:3321)
	at java.awt.Component.processEvent(Component.java:6290)
	at java.awt.Container.processEvent(Container.java:2234)
	at java.awt.Component.dispatchEventImpl(Component.java:4881)
	at java.awt.Container.dispatchEventImpl(Container.java:2292)
	at java.awt.Component.dispatchEvent(Component.java:4703)
	at java.awt.LightweightDispatcher.retargetMouseEvent(Container.java:4898)
	at java.awt.LightweightDispatcher.processMouseEvent(Container.java:4533)
	at java.awt.LightweightDispatcher.dispatchEvent(Container.java:4462)
	at java.awt.Container.dispatchEventImpl(Container.java:2278)
	at java.awt.Window.dispatchEventImpl(Window.java:2739)
	at java.awt.Component.dispatchEvent(Component.java:4703)
	at java.awt.EventQueue.dispatchEventImpl(EventQueue.java:746)
	at java.awt.EventQueue.access$400(EventQueue.java:97)
	at java.awt.EventQueue$3.run(EventQueue.java:697)
	at java.awt.EventQueue$3.run(EventQueue.java:691)
	at java.security.AccessController.doPrivileged(Native Method)
	at java.security.ProtectionDomain$1.doIntersectionPrivilege(ProtectionDomain.java:75)
	at java.security.ProtectionDomain$1.doIntersectionPrivilege(ProtectionDomain.java:86)
	at java.awt.EventQueue$4.run(EventQueue.java:719)
	at java.awt.EventQueue$4.run(EventQueue.java:717)
	at java.security.AccessController.doPrivileged(Native Method)
	at java.security.ProtectionDomain$1.doIntersectionPrivilege(ProtectionDomain.java:75)
	at java.awt.EventQueue.dispatchEvent(EventQueue.java:716)
	at java.awt.EventDispatchThread.pumpOneEventForFilters(EventDispatchThread.java:201)
	at java.awt.EventDispatchThread.pumpEventsForFilter(EventDispatchThread.java:116)
	at java.awt.EventDispatchThread.pumpEventsForHierarchy(EventDispatchThread.java:105)
	at java.awt.EventDispatchThread.pumpEvents(EventDispatchThread.java:101)
	at java.awt.EventDispatchThread.pumpEvents(EventDispatchThread.java:93)
	at java.awt.EventDispatchThread.run(EventDispatchThread.java:82)
Caused by: java.sql.SQLException: Database 'bokbase' not found.
	at org.apache.derby.impl.jdbc.SQLExceptionFactory.getSQLException(Unknown Source)
	at org.apache.derby.impl.jdbc.SQLExceptionFactory40.wrapArgsForTransportAcrossDRDA(Unknown Source)
	... 102 more
============= begin nested exception, level (1) ===========
java.sql.SQLException: Database 'bokbase' not found.
	at org.apache.derby.impl.jdbc.SQLExceptionFactory.getSQLException(Unknown Source)
	at org.apache.derby.impl.jdbc.SQLExceptionFactory40.wrapArgsForTransportAcrossDRDA(Unknown Source)
	at org.apache.derby.impl.jdbc.SQLExceptionFactory40.getSQLException(Unknown Source)
	at org.apache.derby.impl.jdbc.Util.newEmbedSQLException(Unknown Source)
	at org.apache.derby.impl.jdbc.Util.newEmbedSQLException(Unknown Source)
	at org.apache.derby.impl.jdbc.Util.generateCsSQLException(Unknown Source)
	at org.apache.derby.impl.jdbc.EmbedConnection.newSQLException(Unknown Source)
	at org.apache.derby.impl.jdbc.EmbedConnection.<init>(Unknown Source)
	at org.apache.derby.impl.jdbc.EmbedConnection30.<init>(Unknown Source)
	at org.apache.derby.impl.jdbc.EmbedConnection40.<init>(Unknown Source)
	at org.apache.derby.jdbc.Driver40.getNewEmbedConnection(Unknown Source)
	at org.apache.derby.jdbc.InternalDriver.connect(Unknown Source)
	at org.apache.derby.jdbc.AutoloadedDriver.connect(Unknown Source)
	at java.sql.DriverManager.getConnection(DriverManager.java:664)
	at java.sql.DriverManager.getConnection(DriverManager.java:247)
	at heggland.reuse.ConnectDialog.close(ConnectDialog.java:256)
	at heggland.reuse.JonDialog$Listener.actionPerformed(JonDialog.java:98)
	at javax.swing.AbstractButton.fireActionPerformed(AbstractButton.java:2022)
	at javax.swing.AbstractButton$Handler.actionPerformed(AbstractButton.java:2346)
	at javax.swing.DefaultButtonModel.fireActionPerformed(DefaultButtonModel.java:402)
	at javax.swing.DefaultButtonModel.setPressed(DefaultButtonModel.java:259)
	at javax.swing.plaf.basic.BasicButtonListener.mouseReleased(BasicButtonListener.java:252)
	at java.awt.Component.processMouseEvent(Component.java:6525)
	at javax.swing.JComponent.processMouseEvent(JComponent.java:3321)
	at java.awt.Component.processEvent(Component.java:6290)
	at java.awt.Container.processEvent(Container.java:2234)
	at java.awt.Component.dispatchEventImpl(Component.java:4881)
	at java.awt.Container.dispatchEventImpl(Container.java:2292)
	at java.awt.Component.dispatchEvent(Component.java:4703)
	at java.awt.LightweightDispatcher.retargetMouseEvent(Container.java:4898)
	at java.awt.LightweightDispatcher.processMouseEvent(Container.java:4533)
	at java.awt.LightweightDispatcher.dispatchEvent(Container.java:4462)
	at java.awt.Container.dispatchEventImpl(Container.java:2278)
	at java.awt.Window.dispatchEventImpl(Window.java:2739)
	at java.awt.Component.dispatchEvent(Component.java:4703)
	at java.awt.EventQueue.dispatchEventImpl(EventQueue.java:746)
	at java.awt.EventQueue.access$400(EventQueue.java:97)
	at java.awt.EventQueue$3.run(EventQueue.java:697)
	at java.awt.EventQueue$3.run(EventQueue.java:691)
	at java.security.AccessController.doPrivileged(Native Method)
	at java.security.ProtectionDomain$1.doIntersectionPrivilege(ProtectionDomain.java:75)
	at java.security.ProtectionDomain$1.doIntersectionPrivilege(ProtectionDomain.java:86)
	at java.awt.EventQueue$4.run(EventQueue.java:719)
	at java.awt.EventQueue$4.run(EventQueue.java:717)
	at java.security.AccessController.doPrivileged(Native Method)
	at java.security.ProtectionDomain$1.doIntersectionPrivilege(ProtectionDomain.java:75)
	at java.awt.EventQueue.dispatchEvent(EventQueue.java:716)
	at java.awt.EventDispatchThread.pumpOneEventForFilters(EventDispatchThread.java:201)
	at java.awt.EventDispatchThread.pumpEventsForFilter(EventDispatchThread.java:116)
	at java.awt.EventDispatchThread.pumpEventsForFilter(EventDispatchThread.java:109)
	at java.awt.WaitDispatchSupport$2.run(WaitDispatchSupport.java:184)
	at java.awt.WaitDispatchSupport$4.run(WaitDispatchSupport.java:229)
	at java.awt.WaitDispatchSupport$4.run(WaitDispatchSupport.java:227)
	at java.security.AccessController.doPrivileged(Native Method)
	at java.awt.WaitDispatchSupport.enter(WaitDispatchSupport.java:227)
	at java.awt.Dialog.show(Dialog.java:1084)
	at java.awt.Component.show(Component.java:1654)
	at java.awt.Component.setVisible(Component.java:1606)
	at java.awt.Window.setVisible(Window.java:1014)
	at java.awt.Dialog.setVisible(Dialog.java:1005)
	at heggland.reuse.JonDialog.ask(JonDialog.java:74)
	at heggland.reuse.ConnectDialog.createConnection(ConnectDialog.java:225)
	at heggland.relalg.DatabaseManager.connect(DatabaseManager.java:91)
	at heggland.relalg.DatabaseManager.access$200(DatabaseManager.java:37)
	at heggland.relalg.DatabaseManager$1.actionPerformed(DatabaseManager.java:151)
	at javax.swing.AbstractButton.fireActionPerformed(AbstractButton.java:2022)
	at javax.swing.AbstractButton$Handler.actionPerformed(AbstractButton.java:2346)
	at javax.swing.DefaultButtonModel.fireActionPerformed(DefaultButtonModel.java:402)
	at javax.swing.DefaultButtonModel.setPressed(DefaultButtonModel.java:259)
	at javax.swing.AbstractButton.doClick(AbstractButton.java:376)
	at javax.swing.plaf.basic.BasicMenuItemUI.doClick(BasicMenuItemUI.java:833)
	at com.apple.laf.AquaMenuItemUI.doClick(AquaMenuItemUI.java:157)
	at javax.swing.plaf.basic.BasicMenuItemUI$Handler.mouseReleased(BasicMenuItemUI.java:877)
	at java.awt.Component.processMouseEvent(Component.java:6525)
	at javax.swing.JComponent.processMouseEvent(JComponent.java:3321)
	at java.awt.Component.processEvent(Component.java:6290)
	at java.awt.Container.processEvent(Container.java:2234)
	at java.awt.Component.dispatchEventImpl(Component.java:4881)
	at java.awt.Container.dispatchEventImpl(Container.java:2292)
	at java.awt.Component.dispatchEvent(Component.java:4703)
	at java.awt.LightweightDispatcher.retargetMouseEvent(Container.java:4898)
	at java.awt.LightweightDispatcher.processMouseEvent(Container.java:4533)
	at java.awt.LightweightDispatcher.dispatchEvent(Container.java:4462)
	at java.awt.Container.dispatchEventImpl(Container.java:2278)
	at java.awt.Window.dispatchEventImpl(Window.java:2739)
	at java.awt.Component.dispatchEvent(Component.java:4703)
	at java.awt.EventQueue.dispatchEventImpl(EventQueue.java:746)
	at java.awt.EventQueue.access$400(EventQueue.java:97)
	at java.awt.EventQueue$3.run(EventQueue.java:697)
	at java.awt.EventQueue$3.run(EventQueue.java:691)
	at java.security.AccessController.doPrivileged(Native Method)
	at java.security.ProtectionDomain$1.doIntersectionPrivilege(ProtectionDomain.java:75)
	at java.security.ProtectionDomain$1.doIntersectionPrivilege(ProtectionDomain.java:86)
	at java.awt.EventQueue$4.run(EventQueue.java:719)
	at java.awt.EventQueue$4.run(EventQueue.java:717)
	at java.security.AccessController.doPrivileged(Native Method)
	at java.security.ProtectionDomain$1.doIntersectionPrivilege(ProtectionDomain.java:75)
	at java.awt.EventQueue.dispatchEvent(EventQueue.java:716)
	at java.awt.EventDispatchThread.pumpOneEventForFilters(EventDispatchThread.java:201)
	at java.awt.EventDispatchThread.pumpEventsForFilter(EventDispatchThread.java:116)
	at java.awt.EventDispatchThread.pumpEventsForHierarchy(EventDispatchThread.java:105)
	at java.awt.EventDispatchThread.pumpEvents(EventDispatchThread.java:101)
	at java.awt.EventDispatchThread.pumpEvents(EventDispatchThread.java:93)
	at java.awt.EventDispatchThread.run(EventDispatchThread.java:82)
============= end nested exception, level (1) ===========
Cleanup action completed
